<?xml version="1.0" encoding="UTF-8"?>
<testsuite xmlns:xsi="http://www.w3.org/2001/XMLSchema-instance" xsi:noNamespaceSchemaLocation="https://maven.apache.org/surefire/maven-surefire-plugin/xsd/surefire-test-report.xsd" name="com.yiguan.novel.Novel01ApplicationTests" time="13.824" tests="3" errors="0" skipped="0" failures="0">
  <properties>
    <property name="sun.desktop" value="windows"/>
    <property name="awt.toolkit" value="sun.awt.windows.WToolkit"/>
    <property name="file.encoding.pkg" value="sun.io"/>
    <property name="java.specification.version" value="1.8"/>
    <property name="sun.cpu.isalist" value="amd64"/>
    <property name="sun.jnu.encoding" value="GBK"/>
    <property name="java.class.path" value="C:\Users\凌旺\Desktop\javaweb\Project\novel-01\target\test-classes;C:\Users\凌旺\Desktop\javaweb\Project\novel-01\target\classes;D:\yingyong\maven_jar\org\springframework\boot\spring-boot-starter-web\2.4.2\spring-boot-starter-web-2.4.2.jar;D:\yingyong\maven_jar\org\springframework\boot\spring-boot-starter\2.4.2\spring-boot-starter-2.4.2.jar;D:\yingyong\maven_jar\org\springframework\boot\spring-boot-starter-logging\2.4.2\spring-boot-starter-logging-2.4.2.jar;D:\yingyong\maven_jar\ch\qos\logback\logback-classic\1.2.3\logback-classic-1.2.3.jar;D:\yingyong\maven_jar\ch\qos\logback\logback-core\1.2.3\logback-core-1.2.3.jar;D:\yingyong\maven_jar\org\apache\logging\log4j\log4j-to-slf4j\2.13.3\log4j-to-slf4j-2.13.3.jar;D:\yingyong\maven_jar\org\apache\logging\log4j\log4j-api\2.13.3\log4j-api-2.13.3.jar;D:\yingyong\maven_jar\org\slf4j\jul-to-slf4j\1.7.30\jul-to-slf4j-1.7.30.jar;D:\yingyong\maven_jar\jakarta\annotation\jakarta.annotation-api\1.3.5\jakarta.annotation-api-1.3.5.jar;D:\yingyong\maven_jar\org\yaml\snakeyaml\1.27\snakeyaml-1.27.jar;D:\yingyong\maven_jar\org\springframework\boot\spring-boot-starter-json\2.4.2\spring-boot-starter-json-2.4.2.jar;D:\yingyong\maven_jar\com\fasterxml\jackson\datatype\jackson-datatype-jdk8\2.11.4\jackson-datatype-jdk8-2.11.4.jar;D:\yingyong\maven_jar\com\fasterxml\jackson\datatype\jackson-datatype-jsr310\2.11.4\jackson-datatype-jsr310-2.11.4.jar;D:\yingyong\maven_jar\com\fasterxml\jackson\module\jackson-module-parameter-names\2.11.4\jackson-module-parameter-names-2.11.4.jar;D:\yingyong\maven_jar\org\springframework\boot\spring-boot-starter-tomcat\2.4.2\spring-boot-starter-tomcat-2.4.2.jar;D:\yingyong\maven_jar\org\apache\tomcat\embed\tomcat-embed-core\9.0.41\tomcat-embed-core-9.0.41.jar;D:\yingyong\maven_jar\org\glassfish\jakarta.el\3.0.3\jakarta.el-3.0.3.jar;D:\yingyong\maven_jar\org\apache\tomcat\embed\tomcat-embed-websocket\9.0.41\tomcat-embed-websocket-9.0.41.jar;D:\yingyong\maven_jar\org\springframework\spring-web\5.3.3\spring-web-5.3.3.jar;D:\yingyong\maven_jar\org\springframework\spring-beans\5.3.3\spring-beans-5.3.3.jar;D:\yingyong\maven_jar\org\springframework\spring-webmvc\5.3.3\spring-webmvc-5.3.3.jar;D:\yingyong\maven_jar\org\springframework\spring-aop\5.3.3\spring-aop-5.3.3.jar;D:\yingyong\maven_jar\org\springframework\spring-context\5.3.3\spring-context-5.3.3.jar;D:\yingyong\maven_jar\org\springframework\spring-expression\5.3.3\spring-expression-5.3.3.jar;D:\yingyong\maven_jar\org\springframework\boot\spring-boot-devtools\2.4.2\spring-boot-devtools-2.4.2.jar;D:\yingyong\maven_jar\org\springframework\boot\spring-boot\2.4.2\spring-boot-2.4.2.jar;D:\yingyong\maven_jar\org\springframework\boot\spring-boot-autoconfigure\2.4.2\spring-boot-autoconfigure-2.4.2.jar;D:\yingyong\maven_jar\mysql\mysql-connector-java\5.1.49\mysql-connector-java-5.1.49.jar;D:\yingyong\maven_jar\org\projectlombok\lombok\1.18.16\lombok-1.18.16.jar;D:\yingyong\maven_jar\org\springframework\boot\spring-boot-starter-test\2.4.2\spring-boot-starter-test-2.4.2.jar;D:\yingyong\maven_jar\org\springframework\boot\spring-boot-test\2.4.2\spring-boot-test-2.4.2.jar;D:\yingyong\maven_jar\org\springframework\boot\spring-boot-test-autoconfigure\2.4.2\spring-boot-test-autoconfigure-2.4.2.jar;D:\yingyong\maven_jar\com\jayway\jsonpath\json-path\2.4.0\json-path-2.4.0.jar;D:\yingyong\maven_jar\net\minidev\json-smart\2.3\json-smart-2.3.jar;D:\yingyong\maven_jar\net\minidev\accessors-smart\1.2\accessors-smart-1.2.jar;D:\yingyong\maven_jar\org\ow2\asm\asm\5.0.4\asm-5.0.4.jar;D:\yingyong\maven_jar\jakarta\xml\bind\jakarta.xml.bind-api\2.3.3\jakarta.xml.bind-api-2.3.3.jar;D:\yingyong\maven_jar\jakarta\activation\jakarta.activation-api\1.2.2\jakarta.activation-api-1.2.2.jar;D:\yingyong\maven_jar\org\assertj\assertj-core\3.18.1\assertj-core-3.18.1.jar;D:\yingyong\maven_jar\org\hamcrest\hamcrest\2.2\hamcrest-2.2.jar;D:\yingyong\maven_jar\org\junit\jupiter\junit-jupiter\5.7.0\junit-jupiter-5.7.0.jar;D:\yingyong\maven_jar\org\junit\jupiter\junit-jupiter-api\5.7.0\junit-jupiter-api-5.7.0.jar;D:\yingyong\maven_jar\org\apiguardian\apiguardian-api\1.1.0\apiguardian-api-1.1.0.jar;D:\yingyong\maven_jar\org\opentest4j\opentest4j\1.2.0\opentest4j-1.2.0.jar;D:\yingyong\maven_jar\org\junit\platform\junit-platform-commons\1.7.0\junit-platform-commons-1.7.0.jar;D:\yingyong\maven_jar\org\junit\jupiter\junit-jupiter-params\5.7.0\junit-jupiter-params-5.7.0.jar;D:\yingyong\maven_jar\org\junit\jupiter\junit-jupiter-engine\5.7.0\junit-jupiter-engine-5.7.0.jar;D:\yingyong\maven_jar\org\junit\platform\junit-platform-engine\1.7.0\junit-platform-engine-1.7.0.jar;D:\yingyong\maven_jar\org\mockito\mockito-core\3.6.28\mockito-core-3.6.28.jar;D:\yingyong\maven_jar\net\bytebuddy\byte-buddy\1.10.19\byte-buddy-1.10.19.jar;D:\yingyong\maven_jar\net\bytebuddy\byte-buddy-agent\1.10.19\byte-buddy-agent-1.10.19.jar;D:\yingyong\maven_jar\org\objenesis\objenesis\3.1\objenesis-3.1.jar;D:\yingyong\maven_jar\org\mockito\mockito-junit-jupiter\3.6.28\mockito-junit-jupiter-3.6.28.jar;D:\yingyong\maven_jar\org\skyscreamer\jsonassert\1.5.0\jsonassert-1.5.0.jar;D:\yingyong\maven_jar\com\vaadin\external\google\android-json\0.0.20131108.vaadin1\android-json-0.0.20131108.vaadin1.jar;D:\yingyong\maven_jar\org\springframework\spring-core\5.3.3\spring-core-5.3.3.jar;D:\yingyong\maven_jar\org\springframework\spring-jcl\5.3.3\spring-jcl-5.3.3.jar;D:\yingyong\maven_jar\org\springframework\spring-test\5.3.3\spring-test-5.3.3.jar;D:\yingyong\maven_jar\org\xmlunit\xmlunit-core\2.7.0\xmlunit-core-2.7.0.jar;D:\yingyong\maven_jar\com\alibaba\druid-spring-boot-starter\1.1.17\druid-spring-boot-starter-1.1.17.jar;D:\yingyong\maven_jar\com\alibaba\druid\1.1.17\druid-1.1.17.jar;D:\yingyong\maven_jar\org\slf4j\slf4j-api\1.7.30\slf4j-api-1.7.30.jar;D:\yingyong\maven_jar\com\baomidou\mybatis-plus-boot-starter\3.4.1\mybatis-plus-boot-starter-3.4.1.jar;D:\yingyong\maven_jar\com\baomidou\mybatis-plus\3.4.1\mybatis-plus-3.4.1.jar;D:\yingyong\maven_jar\com\baomidou\mybatis-plus-extension\3.4.1\mybatis-plus-extension-3.4.1.jar;D:\yingyong\maven_jar\com\baomidou\mybatis-plus-core\3.4.1\mybatis-plus-core-3.4.1.jar;D:\yingyong\maven_jar\com\baomidou\mybatis-plus-annotation\3.4.1\mybatis-plus-annotation-3.4.1.jar;D:\yingyong\maven_jar\com\github\jsqlparser\jsqlparser\3.2\jsqlparser-3.2.jar;D:\yingyong\maven_jar\org\mybatis\mybatis\3.5.6\mybatis-3.5.6.jar;D:\yingyong\maven_jar\org\mybatis\mybatis-spring\2.0.5\mybatis-spring-2.0.5.jar;D:\yingyong\maven_jar\org\springframework\boot\spring-boot-starter-jdbc\2.4.2\spring-boot-starter-jdbc-2.4.2.jar;D:\yingyong\maven_jar\com\zaxxer\HikariCP\3.4.5\HikariCP-3.4.5.jar;D:\yingyong\maven_jar\org\springframework\spring-jdbc\5.3.3\spring-jdbc-5.3.3.jar;D:\yingyong\maven_jar\org\springframework\spring-tx\5.3.3\spring-tx-5.3.3.jar;D:\yingyong\maven_jar\org\apache\shiro\shiro-spring\1.4.0\shiro-spring-1.4.0.jar;D:\yingyong\maven_jar\org\apache\shiro\shiro-core\1.4.0\shiro-core-1.4.0.jar;D:\yingyong\maven_jar\org\apache\shiro\shiro-lang\1.4.0\shiro-lang-1.4.0.jar;D:\yingyong\maven_jar\org\apache\shiro\shiro-cache\1.4.0\shiro-cache-1.4.0.jar;D:\yingyong\maven_jar\org\apache\shiro\shiro-crypto-hash\1.4.0\shiro-crypto-hash-1.4.0.jar;D:\yingyong\maven_jar\org\apache\shiro\shiro-crypto-core\1.4.0\shiro-crypto-core-1.4.0.jar;D:\yingyong\maven_jar\org\apache\shiro\shiro-crypto-cipher\1.4.0\shiro-crypto-cipher-1.4.0.jar;D:\yingyong\maven_jar\org\apache\shiro\shiro-config-core\1.4.0\shiro-config-core-1.4.0.jar;D:\yingyong\maven_jar\org\apache\shiro\shiro-config-ogdl\1.4.0\shiro-config-ogdl-1.4.0.jar;D:\yingyong\maven_jar\commons-beanutils\commons-beanutils\1.9.3\commons-beanutils-1.9.3.jar;D:\yingyong\maven_jar\commons-collections\commons-collections\3.2.2\commons-collections-3.2.2.jar;D:\yingyong\maven_jar\org\apache\shiro\shiro-event\1.4.0\shiro-event-1.4.0.jar;D:\yingyong\maven_jar\org\apache\shiro\shiro-web\1.4.0\shiro-web-1.4.0.jar;D:\yingyong\maven_jar\com\auth0\java-jwt\3.3.0\java-jwt-3.3.0.jar;D:\yingyong\maven_jar\com\fasterxml\jackson\core\jackson-databind\2.11.4\jackson-databind-2.11.4.jar;D:\yingyong\maven_jar\com\fasterxml\jackson\core\jackson-annotations\2.11.4\jackson-annotations-2.11.4.jar;D:\yingyong\maven_jar\com\fasterxml\jackson\core\jackson-core\2.11.4\jackson-core-2.11.4.jar;D:\yingyong\maven_jar\commons-codec\commons-codec\1.15\commons-codec-1.15.jar;D:\yingyong\maven_jar\org\springframework\boot\spring-boot-configuration-processor\2.4.2\spring-boot-configuration-processor-2.4.2.jar;D:\yingyong\maven_jar\javax\servlet\javax.servlet-api\4.0.1\javax.servlet-api-4.0.1.jar;"/>
    <property name="java.vm.vendor" value="Oracle Corporation"/>
    <property name="sun.arch.data.model" value="64"/>
    <property name="user.variant" value=""/>
    <property name="java.vendor.url" value="http://java.oracle.com/"/>
    <property name="user.timezone" value="Asia/Shanghai"/>
    <property name="java.vm.specification.version" value="1.8"/>
    <property name="os.name" value="Windows 8.1"/>
    <property name="user.country" value="CN"/>
    <property name="sun.java.launcher" value="SUN_STANDARD"/>
    <property name="sun.boot.library.path" value="C:\Program Files\Java\jdk1.8.0_25\jre\bin"/>
    <property name="sun.java.command" value="C:\Users\凌旺\AppData\Local\Temp\surefire2237674252876830136\surefirebooter6231153393446250954.jar C:\Users\凌旺\AppData\Local\Temp\surefire2237674252876830136 2021-02-25T00-55-14_626-jvmRun1 surefire1479603742745216125tmp surefire_04747079912613594978tmp"/>
    <property name="surefire.test.class.path" value="C:\Users\凌旺\Desktop\javaweb\Project\novel-01\target\test-classes;C:\Users\凌旺\Desktop\javaweb\Project\novel-01\target\classes;D:\yingyong\maven_jar\org\springframework\boot\spring-boot-starter-web\2.4.2\spring-boot-starter-web-2.4.2.jar;D:\yingyong\maven_jar\org\springframework\boot\spring-boot-starter\2.4.2\spring-boot-starter-2.4.2.jar;D:\yingyong\maven_jar\org\springframework\boot\spring-boot-starter-logging\2.4.2\spring-boot-starter-logging-2.4.2.jar;D:\yingyong\maven_jar\ch\qos\logback\logback-classic\1.2.3\logback-classic-1.2.3.jar;D:\yingyong\maven_jar\ch\qos\logback\logback-core\1.2.3\logback-core-1.2.3.jar;D:\yingyong\maven_jar\org\apache\logging\log4j\log4j-to-slf4j\2.13.3\log4j-to-slf4j-2.13.3.jar;D:\yingyong\maven_jar\org\apache\logging\log4j\log4j-api\2.13.3\log4j-api-2.13.3.jar;D:\yingyong\maven_jar\org\slf4j\jul-to-slf4j\1.7.30\jul-to-slf4j-1.7.30.jar;D:\yingyong\maven_jar\jakarta\annotation\jakarta.annotation-api\1.3.5\jakarta.annotation-api-1.3.5.jar;D:\yingyong\maven_jar\org\yaml\snakeyaml\1.27\snakeyaml-1.27.jar;D:\yingyong\maven_jar\org\springframework\boot\spring-boot-starter-json\2.4.2\spring-boot-starter-json-2.4.2.jar;D:\yingyong\maven_jar\com\fasterxml\jackson\datatype\jackson-datatype-jdk8\2.11.4\jackson-datatype-jdk8-2.11.4.jar;D:\yingyong\maven_jar\com\fasterxml\jackson\datatype\jackson-datatype-jsr310\2.11.4\jackson-datatype-jsr310-2.11.4.jar;D:\yingyong\maven_jar\com\fasterxml\jackson\module\jackson-module-parameter-names\2.11.4\jackson-module-parameter-names-2.11.4.jar;D:\yingyong\maven_jar\org\springframework\boot\spring-boot-starter-tomcat\2.4.2\spring-boot-starter-tomcat-2.4.2.jar;D:\yingyong\maven_jar\org\apache\tomcat\embed\tomcat-embed-core\9.0.41\tomcat-embed-core-9.0.41.jar;D:\yingyong\maven_jar\org\glassfish\jakarta.el\3.0.3\jakarta.el-3.0.3.jar;D:\yingyong\maven_jar\org\apache\tomcat\embed\tomcat-embed-websocket\9.0.41\tomcat-embed-websocket-9.0.41.jar;D:\yingyong\maven_jar\org\springframework\spring-web\5.3.3\spring-web-5.3.3.jar;D:\yingyong\maven_jar\org\springframework\spring-beans\5.3.3\spring-beans-5.3.3.jar;D:\yingyong\maven_jar\org\springframework\spring-webmvc\5.3.3\spring-webmvc-5.3.3.jar;D:\yingyong\maven_jar\org\springframework\spring-aop\5.3.3\spring-aop-5.3.3.jar;D:\yingyong\maven_jar\org\springframework\spring-context\5.3.3\spring-context-5.3.3.jar;D:\yingyong\maven_jar\org\springframework\spring-expression\5.3.3\spring-expression-5.3.3.jar;D:\yingyong\maven_jar\org\springframework\boot\spring-boot-devtools\2.4.2\spring-boot-devtools-2.4.2.jar;D:\yingyong\maven_jar\org\springframework\boot\spring-boot\2.4.2\spring-boot-2.4.2.jar;D:\yingyong\maven_jar\org\springframework\boot\spring-boot-autoconfigure\2.4.2\spring-boot-autoconfigure-2.4.2.jar;D:\yingyong\maven_jar\mysql\mysql-connector-java\5.1.49\mysql-connector-java-5.1.49.jar;D:\yingyong\maven_jar\org\projectlombok\lombok\1.18.16\lombok-1.18.16.jar;D:\yingyong\maven_jar\org\springframework\boot\spring-boot-starter-test\2.4.2\spring-boot-starter-test-2.4.2.jar;D:\yingyong\maven_jar\org\springframework\boot\spring-boot-test\2.4.2\spring-boot-test-2.4.2.jar;D:\yingyong\maven_jar\org\springframework\boot\spring-boot-test-autoconfigure\2.4.2\spring-boot-test-autoconfigure-2.4.2.jar;D:\yingyong\maven_jar\com\jayway\jsonpath\json-path\2.4.0\json-path-2.4.0.jar;D:\yingyong\maven_jar\net\minidev\json-smart\2.3\json-smart-2.3.jar;D:\yingyong\maven_jar\net\minidev\accessors-smart\1.2\accessors-smart-1.2.jar;D:\yingyong\maven_jar\org\ow2\asm\asm\5.0.4\asm-5.0.4.jar;D:\yingyong\maven_jar\jakarta\xml\bind\jakarta.xml.bind-api\2.3.3\jakarta.xml.bind-api-2.3.3.jar;D:\yingyong\maven_jar\jakarta\activation\jakarta.activation-api\1.2.2\jakarta.activation-api-1.2.2.jar;D:\yingyong\maven_jar\org\assertj\assertj-core\3.18.1\assertj-core-3.18.1.jar;D:\yingyong\maven_jar\org\hamcrest\hamcrest\2.2\hamcrest-2.2.jar;D:\yingyong\maven_jar\org\junit\jupiter\junit-jupiter\5.7.0\junit-jupiter-5.7.0.jar;D:\yingyong\maven_jar\org\junit\jupiter\junit-jupiter-api\5.7.0\junit-jupiter-api-5.7.0.jar;D:\yingyong\maven_jar\org\apiguardian\apiguardian-api\1.1.0\apiguardian-api-1.1.0.jar;D:\yingyong\maven_jar\org\opentest4j\opentest4j\1.2.0\opentest4j-1.2.0.jar;D:\yingyong\maven_jar\org\junit\platform\junit-platform-commons\1.7.0\junit-platform-commons-1.7.0.jar;D:\yingyong\maven_jar\org\junit\jupiter\junit-jupiter-params\5.7.0\junit-jupiter-params-5.7.0.jar;D:\yingyong\maven_jar\org\junit\jupiter\junit-jupiter-engine\5.7.0\junit-jupiter-engine-5.7.0.jar;D:\yingyong\maven_jar\org\junit\platform\junit-platform-engine\1.7.0\junit-platform-engine-1.7.0.jar;D:\yingyong\maven_jar\org\mockito\mockito-core\3.6.28\mockito-core-3.6.28.jar;D:\yingyong\maven_jar\net\bytebuddy\byte-buddy\1.10.19\byte-buddy-1.10.19.jar;D:\yingyong\maven_jar\net\bytebuddy\byte-buddy-agent\1.10.19\byte-buddy-agent-1.10.19.jar;D:\yingyong\maven_jar\org\objenesis\objenesis\3.1\objenesis-3.1.jar;D:\yingyong\maven_jar\org\mockito\mockito-junit-jupiter\3.6.28\mockito-junit-jupiter-3.6.28.jar;D:\yingyong\maven_jar\org\skyscreamer\jsonassert\1.5.0\jsonassert-1.5.0.jar;D:\yingyong\maven_jar\com\vaadin\external\google\android-json\0.0.20131108.vaadin1\android-json-0.0.20131108.vaadin1.jar;D:\yingyong\maven_jar\org\springframework\spring-core\5.3.3\spring-core-5.3.3.jar;D:\yingyong\maven_jar\org\springframework\spring-jcl\5.3.3\spring-jcl-5.3.3.jar;D:\yingyong\maven_jar\org\springframework\spring-test\5.3.3\spring-test-5.3.3.jar;D:\yingyong\maven_jar\org\xmlunit\xmlunit-core\2.7.0\xmlunit-core-2.7.0.jar;D:\yingyong\maven_jar\com\alibaba\druid-spring-boot-starter\1.1.17\druid-spring-boot-starter-1.1.17.jar;D:\yingyong\maven_jar\com\alibaba\druid\1.1.17\druid-1.1.17.jar;D:\yingyong\maven_jar\org\slf4j\slf4j-api\1.7.30\slf4j-api-1.7.30.jar;D:\yingyong\maven_jar\com\baomidou\mybatis-plus-boot-starter\3.4.1\mybatis-plus-boot-starter-3.4.1.jar;D:\yingyong\maven_jar\com\baomidou\mybatis-plus\3.4.1\mybatis-plus-3.4.1.jar;D:\yingyong\maven_jar\com\baomidou\mybatis-plus-extension\3.4.1\mybatis-plus-extension-3.4.1.jar;D:\yingyong\maven_jar\com\baomidou\mybatis-plus-core\3.4.1\mybatis-plus-core-3.4.1.jar;D:\yingyong\maven_jar\com\baomidou\mybatis-plus-annotation\3.4.1\mybatis-plus-annotation-3.4.1.jar;D:\yingyong\maven_jar\com\github\jsqlparser\jsqlparser\3.2\jsqlparser-3.2.jar;D:\yingyong\maven_jar\org\mybatis\mybatis\3.5.6\mybatis-3.5.6.jar;D:\yingyong\maven_jar\org\mybatis\mybatis-spring\2.0.5\mybatis-spring-2.0.5.jar;D:\yingyong\maven_jar\org\springframework\boot\spring-boot-starter-jdbc\2.4.2\spring-boot-starter-jdbc-2.4.2.jar;D:\yingyong\maven_jar\com\zaxxer\HikariCP\3.4.5\HikariCP-3.4.5.jar;D:\yingyong\maven_jar\org\springframework\spring-jdbc\5.3.3\spring-jdbc-5.3.3.jar;D:\yingyong\maven_jar\org\springframework\spring-tx\5.3.3\spring-tx-5.3.3.jar;D:\yingyong\maven_jar\org\apache\shiro\shiro-spring\1.4.0\shiro-spring-1.4.0.jar;D:\yingyong\maven_jar\org\apache\shiro\shiro-core\1.4.0\shiro-core-1.4.0.jar;D:\yingyong\maven_jar\org\apache\shiro\shiro-lang\1.4.0\shiro-lang-1.4.0.jar;D:\yingyong\maven_jar\org\apache\shiro\shiro-cache\1.4.0\shiro-cache-1.4.0.jar;D:\yingyong\maven_jar\org\apache\shiro\shiro-crypto-hash\1.4.0\shiro-crypto-hash-1.4.0.jar;D:\yingyong\maven_jar\org\apache\shiro\shiro-crypto-core\1.4.0\shiro-crypto-core-1.4.0.jar;D:\yingyong\maven_jar\org\apache\shiro\shiro-crypto-cipher\1.4.0\shiro-crypto-cipher-1.4.0.jar;D:\yingyong\maven_jar\org\apache\shiro\shiro-config-core\1.4.0\shiro-config-core-1.4.0.jar;D:\yingyong\maven_jar\org\apache\shiro\shiro-config-ogdl\1.4.0\shiro-config-ogdl-1.4.0.jar;D:\yingyong\maven_jar\commons-beanutils\commons-beanutils\1.9.3\commons-beanutils-1.9.3.jar;D:\yingyong\maven_jar\commons-collections\commons-collections\3.2.2\commons-collections-3.2.2.jar;D:\yingyong\maven_jar\org\apache\shiro\shiro-event\1.4.0\shiro-event-1.4.0.jar;D:\yingyong\maven_jar\org\apache\shiro\shiro-web\1.4.0\shiro-web-1.4.0.jar;D:\yingyong\maven_jar\com\auth0\java-jwt\3.3.0\java-jwt-3.3.0.jar;D:\yingyong\maven_jar\com\fasterxml\jackson\core\jackson-databind\2.11.4\jackson-databind-2.11.4.jar;D:\yingyong\maven_jar\com\fasterxml\jackson\core\jackson-annotations\2.11.4\jackson-annotations-2.11.4.jar;D:\yingyong\maven_jar\com\fasterxml\jackson\core\jackson-core\2.11.4\jackson-core-2.11.4.jar;D:\yingyong\maven_jar\commons-codec\commons-codec\1.15\commons-codec-1.15.jar;D:\yingyong\maven_jar\org\springframework\boot\spring-boot-configuration-processor\2.4.2\spring-boot-configuration-processor-2.4.2.jar;D:\yingyong\maven_jar\javax\servlet\javax.servlet-api\4.0.1\javax.servlet-api-4.0.1.jar;"/>
    <property name="sun.cpu.endian" value="little"/>
    <property name="user.home" value="C:\Users\凌旺"/>
    <property name="user.language" value="zh"/>
    <property name="java.specification.vendor" value="Oracle Corporation"/>
    <property name="java.home" value="C:\Program Files\Java\jdk1.8.0_25\jre"/>
    <property name="basedir" value="C:\Users\凌旺\Desktop\javaweb\Project\novel-01"/>
    <property name="file.separator" value="\"/>
    <property name="line.separator" value="&#10;"/>
    <property name="java.vm.specification.vendor" value="Oracle Corporation"/>
    <property name="java.specification.name" value="Java Platform API Specification"/>
    <property name="java.awt.graphicsenv" value="sun.awt.Win32GraphicsEnvironment"/>
    <property name="surefire.real.class.path" value="C:\Users\凌旺\AppData\Local\Temp\surefire2237674252876830136\surefirebooter6231153393446250954.jar"/>
    <property name="sun.boot.class.path" value="C:\Program Files\Java\jdk1.8.0_25\jre\lib\resources.jar;C:\Program Files\Java\jdk1.8.0_25\jre\lib\rt.jar;C:\Program Files\Java\jdk1.8.0_25\jre\lib\sunrsasign.jar;C:\Program Files\Java\jdk1.8.0_25\jre\lib\jsse.jar;C:\Program Files\Java\jdk1.8.0_25\jre\lib\jce.jar;C:\Program Files\Java\jdk1.8.0_25\jre\lib\charsets.jar;C:\Program Files\Java\jdk1.8.0_25\jre\lib\jfr.jar;C:\Program Files\Java\jdk1.8.0_25\jre\classes"/>
    <property name="user.script" value=""/>
    <property name="sun.management.compiler" value="HotSpot 64-Bit Tiered Compilers"/>
    <property name="java.runtime.version" value="1.8.0_25-b18"/>
    <property name="user.name" value="凌旺"/>
    <property name="path.separator" value=";"/>
    <property name="os.version" value="6.3"/>
    <property name="java.endorsed.dirs" value="C:\Program Files\Java\jdk1.8.0_25\jre\lib\endorsed"/>
    <property name="java.runtime.name" value="Java(TM) SE Runtime Environment"/>
    <property name="file.encoding" value="GBK"/>
    <property name="java.vm.name" value="Java HotSpot(TM) 64-Bit Server VM"/>
    <property name="localRepository" value="D:\yingyong\maven_jar"/>
    <property name="java.vendor.url.bug" value="http://bugreport.sun.com/bugreport/"/>
    <property name="java.io.tmpdir" value="C:\Users\凌旺\AppData\Local\Temp\"/>
    <property name="idea.version" value="2018.2.5"/>
    <property name="java.version" value="1.8.0_25"/>
    <property name="user.dir" value="C:\Users\凌旺\Desktop\javaweb\Project\novel-01"/>
    <property name="os.arch" value="amd64"/>
    <property name="java.vm.specification.name" value="Java Virtual Machine Specification"/>
    <property name="java.awt.printerjob" value="sun.awt.windows.WPrinterJob"/>
    <property name="sun.os.patch.level" value=""/>
    <property name="java.library.path" value="C:\Program Files\Java\jdk1.8.0_25\jre\bin;C:\WINDOWS\Sun\Java\bin;C:\WINDOWS\system32;C:\WINDOWS;C:\ProgramData\Oracle\Java\javapath;.;C:\Program Files\Java\jdk1.8.0_25\bin;C:\Program Files (x86)\Common Files\Oracle\Java\javapath;C:\WINDOWS\system32;C:\WINDOWS;C:\WINDOWS\System32\Wbem;C:\WINDOWS\System32\WindowsPowerShell\v1.0\;C:\WINDOWS\System32\OpenSSH\;D:\yingyong\Git\cmd;D:\yingyong\hugo;C:\Program Files\MySQL\MySQL Server 5.7\bin;D:\yingyong\apache-maven-3.5.3-bin\apache-maven-3.5.3\bin;C:\Program Files\nodejs\;C:\Users\凌旺\AppData\Local\Microsoft\WindowsApps;;D:\xuexi\Microsoft VS Code\bin;C:\Users\凌旺\AppData\Roaming\npm;."/>
    <property name="java.vm.info" value="mixed mode"/>
    <property name="java.vendor" value="Oracle Corporation"/>
    <property name="java.vm.version" value="25.25-b02"/>
    <property name="java.ext.dirs" value="C:\Program Files\Java\jdk1.8.0_25\jre\lib\ext;C:\WINDOWS\Sun\Java\lib\ext"/>
    <property name="sun.io.unicode.encoding" value="UnicodeLittle"/>
    <property name="maven.repo.local" value="D:\yingyong\maven_jar"/>
    <property name="java.class.version" value="52.0"/>
  </properties>
  <testcase name="FileUpload" classname="com.yiguan.novel.Novel01ApplicationTests" time="0.962"/>
  <testcase name="asda" classname="com.yiguan.novel.Novel01ApplicationTests" time="0.007"/>
  <testcase name="testSelect" classname="com.yiguan.novel.Novel01ApplicationTests" time="2.007"/>
</testsuite>